<?xml version="1.0" encoding="UTF-8"?>
<!-- Generated by org.testng.reporters.JUnitXMLReporter -->
<testsuite ignored="0" hostname="LTIN516778" failures="0" tests="13" name="Test" time="78.398" errors="0" timestamp="2024-05-08T10:22:53 IST">
  <testcase classname="TestCases.Tests" name="open_travel_insurance" time="3.014"/>
  <testcase classname="TestCases.Tests" name="select_destination" time="0.537"/>
  <testcase classname="TestCases.Tests" name="click_Date" time="0.996"/>
  <testcase classname="TestCases.Tests" name="click_No_of_persons" time="9.09"/>
  <testcase classname="TestCases.Tests" name="MedicalHistory" time="2.698"/>
  <testcase classname="TestCases.Tests" name="enter_mob_no" time="24.715"/>
  <testcase classname="TestCases.Tests" name="Viewplan" time="6.501"/>
  <testcase classname="TestCases.Tests" name="lowest_prices_of_three_insurances" time="0.306"/>
  <testcase classname="TestCases.Tests" name="print_First_Three_companies" time="0.194"/>
  <testcase classname="TestCases.Tests" name="go_To_Home_Page" time="11.531"/>
  <testcase classname="TestCases.Tests" name="carInsurance" time="3.921"/>
  <testcase classname="TestCases.Tests" name="cardetails" time="3.203"/>
  <testcase classname="TestCases.Tests" name="InputValues" time="0.56"/>
</testsuite> <!-- Test -->
